Copyright 1986-2021 Xilinx, Inc. All Rights Reserved.
----------------------------------------------------------------------------------------------------------------------------------------------------
| Tool Version     : Vivado v.2021.2 (win64) Build 3367213 Tue Oct 19 02:48:09 MDT 2021
| Date             : Thu Jul 23 14:43:23 2026
| Host             : stleraburg running 64-bit major release  (build 9200)
| Command          : report_power -file riscv_core_power_routed.rpt -pb riscv_core_power_summary_routed.pb -rpx riscv_core_power_routed.rpx
| Design           : riscv_core
| Device           : xc7z045ffg900-2
| Design State     : routed
| Grade            : commercial
| Process          : typical
| Characterization : Production
----------------------------------------------------------------------------------------------------------------------------------------------------

Power Report

Table of Contents
-----------------
1. Summary
1.1 On-Chip Components
1.2 Power Supply Summary
1.3 Confidence Level
2. Settings
2.1 Environment
2.2 Clock Constraints
3. Detailed Reports
3.1 By Hierarchy

1. Summary
----------

+--------------------------+--------------+
| Total On-Chip Power (W)  | 0.545        |
| Design Power Budget (W)  | Unspecified* |
| Power Budget Margin (W)  | NA           |
| Dynamic (W)              | 0.338        |
| Device Static (W)        | 0.207        |
| Effective TJA (C/W)      | 1.8          |
| Max Ambient (C)          | 84.0         |
| Junction Temperature (C) | 26.0         |
| Confidence Level         | Medium       |
| Setting File             | ---          |
| Simulation Activity File | ---          |
| Design Nets Matched      | NA           |
+--------------------------+--------------+
* Specify Design Power Budget using, set_operating_conditions -design_power_budget <value in Watts>


1.1 On-Chip Components
----------------------

+--------------------------+-----------+----------+-----------+-----------------+
| On-Chip                  | Power (W) | Used     | Available | Utilization (%) |
+--------------------------+-----------+----------+-----------+-----------------+
| Clocks                   |     0.024 |        5 |       --- |             --- |
| Slice Logic              |     0.020 |    13026 |       --- |             --- |
|   LUT as Logic           |     0.018 |     5795 |    218600 |            2.65 |
|   CARRY4                 |     0.002 |      363 |     54650 |            0.66 |
|   Register               |    <0.001 |     4958 |    437200 |            1.13 |
|   LUT as Distributed RAM |    <0.001 |       26 |     70400 |            0.04 |
|   F7/F8 Muxes            |    <0.001 |       16 |    218600 |           <0.01 |
|   Others                 |     0.000 |      461 |       --- |             --- |
| Signals                  |     0.027 |    14443 |       --- |             --- |
| Block RAM                |     0.047 |     35.5 |       545 |            6.51 |
| MMCM                     |     0.107 |        1 |         8 |           12.50 |
| DSPs                     |     0.109 |      160 |       900 |           17.78 |
| I/O                      |     0.004 |        9 |       362 |            2.49 |
| Static Power             |     0.207 |          |           |                 |
| Total                    |     0.545 |          |           |                 |
+--------------------------+-----------+----------+-----------+-----------------+


1.2 Power Supply Summary
------------------------

+-----------+-------------+-----------+-------------+------------+-------------+-------------+------------+
| Source    | Voltage (V) | Total (A) | Dynamic (A) | Static (A) | Powerup (A) | Budget (A)  | Margin (A) |
+-----------+-------------+-----------+-------------+------------+-------------+-------------+------------+
| Vccint    |       1.000 |     0.278 |       0.225 |      0.054 |       NA    | Unspecified | NA         |
| Vccaux    |       1.800 |     0.100 |       0.061 |      0.039 |       NA    | Unspecified | NA         |
| Vcco33    |       3.300 |     0.000 |       0.000 |      0.000 |       NA    | Unspecified | NA         |
| Vcco25    |       2.500 |     0.001 |       0.000 |      0.001 |       NA    | Unspecified | NA         |
| Vcco18    |       1.800 |     0.001 |       0.000 |      0.001 |       NA    | Unspecified | NA         |
| Vcco15    |       1.500 |     0.000 |       0.000 |      0.000 |       NA    | Unspecified | NA         |
| Vcco135   |       1.350 |     0.000 |       0.000 |      0.000 |       NA    | Unspecified | NA         |
| Vcco12    |       1.200 |     0.000 |       0.000 |      0.000 |       NA    | Unspecified | NA         |
| Vccaux_io |       1.800 |     0.000 |       0.000 |      0.000 |       NA    | Unspecified | NA         |
| Vccbram   |       1.000 |     0.007 |       0.004 |      0.003 |       NA    | Unspecified | NA         |
| MGTAVcc   |       1.000 |     0.000 |       0.000 |      0.000 |       NA    | Unspecified | NA         |
| MGTAVtt   |       1.200 |     0.000 |       0.000 |      0.000 |       NA    | Unspecified | NA         |
| MGTVccaux |       1.800 |     0.000 |       0.000 |      0.000 |       NA    | Unspecified | NA         |
| Vccpint   |       1.000 |     0.016 |       0.000 |      0.016 |       NA    | Unspecified | NA         |
| Vccpaux   |       1.800 |     0.010 |       0.000 |      0.010 |       NA    | Unspecified | NA         |
| Vccpll    |       1.800 |     0.003 |       0.000 |      0.003 |       NA    | Unspecified | NA         |
| Vcco_ddr  |       1.500 |     0.000 |       0.000 |      0.000 |       NA    | Unspecified | NA         |
| Vcco_mio0 |       1.800 |     0.000 |       0.000 |      0.000 |       NA    | Unspecified | NA         |
| Vcco_mio1 |       1.800 |     0.000 |       0.000 |      0.000 |       NA    | Unspecified | NA         |
| Vccadc    |       1.800 |     0.020 |       0.000 |      0.020 |       NA    | Unspecified | NA         |
+-----------+-------------+-----------+-------------+------------+-------------+-------------+------------+


1.3 Confidence Level
--------------------

+-----------------------------+------------+-------------------------------------------------------+------------------------------------------------------------------------------------------------------------+
| User Input Data             | Confidence | Details                                               | Action                                                                                                     |
+-----------------------------+------------+-------------------------------------------------------+------------------------------------------------------------------------------------------------------------+
| Design implementation state | High       | Design is routed                                      |                                                                                                            |
| Clock nodes activity        | High       | User specified more than 95% of clocks                |                                                                                                            |
| I/O nodes activity          | Medium     | More than 5% of inputs are missing user specification | Provide missing input activity with simulation results or by editing the "By Resource Type -> I/Os" view   |
| Internal nodes activity     | Medium     | User specified less than 25% of internal nodes        | Provide missing internal nodes activity with simulation results or by editing the "By Resource Type" views |
| Device models               | High       | Device models are Production                          |                                                                                                            |
|                             |            |                                                       |                                                                                                            |
| Overall confidence level    | Medium     |                                                       |                                                                                                            |
+-----------------------------+------------+-------------------------------------------------------+------------------------------------------------------------------------------------------------------------+


2. Settings
-----------

2.1 Environment
---------------

+-----------------------+--------------------------+
| Ambient Temp (C)      | 25.0                     |
| ThetaJA (C/W)         | 1.8                      |
| Airflow (LFM)         | 250                      |
| Heat Sink             | medium (Medium Profile)  |
| ThetaSA (C/W)         | 3.3                      |
| Board Selection       | medium (10"x10")         |
| # of Board Layers     | 12to15 (12 to 15 Layers) |
| Board Temperature (C) | 25.0                     |
+-----------------------+--------------------------+


2.2 Clock Constraints
---------------------

+--------------------+---------------------------------+-----------------+
| Clock              | Domain                          | Constraint (ns) |
+--------------------+---------------------------------+-----------------+
| clk_out1_clk_wiz_0 | clk_div/inst/clk_out1_clk_wiz_0 |            10.0 |
| clk_p              | clk_p                           |             5.0 |
| clkfbout_clk_wiz_0 | clk_div/inst/clkfbout_clk_wiz_0 |             5.0 |
+--------------------+---------------------------------+-----------------+


3. Detailed Reports
-------------------

3.1 By Hierarchy
----------------

+----------------+-----------+
| Name           | Power (W) |
+----------------+-----------+
| riscv_core     |     0.338 |
|   clk_div      |     0.113 |
|     inst       |     0.113 |
|   rocc_net     |     0.223 |
|     l1         |     0.105 |
|       n0       |     0.004 |
|       n1       |     0.003 |
|       n10      |     0.003 |
|       n11      |     0.003 |
|       n12      |     0.003 |
|       n13      |     0.004 |
|       n14      |     0.003 |
|       n15      |     0.003 |
|       n16      |     0.004 |
|       n17      |     0.003 |
|       n18      |     0.004 |
|       n19      |     0.003 |
|       n2       |     0.004 |
|       n20      |     0.004 |
|       n21      |     0.004 |
|       n22      |     0.003 |
|       n23      |     0.004 |
|       n24      |     0.004 |
|       n25      |     0.004 |
|       n26      |     0.004 |
|       n27      |     0.003 |
|       n28      |     0.004 |
|       n29      |     0.003 |
|       n3       |     0.003 |
|       n4       |     0.004 |
|       n5       |     0.003 |
|       n6       |     0.003 |
|       n7       |     0.003 |
|       n8       |     0.004 |
|       n9       |     0.004 |
|     l2         |     0.042 |
|       n0       |     0.002 |
|       n10      |     0.002 |
|       n12      |     0.002 |
|       n14      |     0.002 |
|       n16      |     0.002 |
|       n18      |     0.002 |
|       n2       |     0.002 |
|       n20      |     0.002 |
|       n22      |     0.002 |
|       n24      |     0.002 |
|       n26      |     0.002 |
|       n28      |     0.002 |
|       n4       |     0.002 |
|       n6       |     0.002 |
|       n8       |     0.002 |
|     l3         |     0.037 |
|       n0       |     0.005 |
|       n1       |     0.003 |
|       n2       |     0.005 |
|       n3       |     0.003 |
|       n4       |     0.004 |
|       n5       |     0.003 |
|       n6       |     0.004 |
|       n7       |     0.003 |
|       n8       |     0.004 |
|       n9       |     0.003 |
|     l4         |     0.029 |
|       n0       |     0.003 |
|       n1       |     0.003 |
|       n2       |     0.003 |
|       n3       |     0.003 |
|       n4       |     0.003 |
|       n5       |     0.003 |
|       n6       |     0.003 |
|       n7       |     0.003 |
|       n8       |     0.003 |
|       n9       |     0.003 |
|     max_finder |     0.001 |
|     rocc_net   |     0.002 |
+----------------+-----------+


