INFO: [VRFC 10-2263] Analyzing Verilog file "C:/Users/stleraburg/mnist_riscv/mnist_riscv.srcs/sources_1/imports/new/ALU.v" into library xil_defaultlib
INFO: [VRFC 10-311] analyzing module ALU
INFO: [VRFC 10-2263] Analyzing Verilog file "C:/Users/stleraburg/mnist_riscv/mnist_riscv.srcs/sources_1/imports/new/ALU_control.v" into library xil_defaultlib
INFO: [VRFC 10-311] analyzing module ALU_control
INFO: [VRFC 10-2263] Analyzing Verilog file "C:/Users/stleraburg/mnist_riscv/mnist_riscv.srcs/sources_1/imports/new/AND_gate.v" into library xil_defaultlib
INFO: [VRFC 10-311] analyzing module AND_gate
INFO: [VRFC 10-2263] Analyzing Verilog file "C:/Users/stleraburg/mnist_riscv/mnist_riscv.srcs/sources_1/imports/new/OR_gate.v" into library xil_defaultlib
INFO: [VRFC 10-311] analyzing module OR_gate
INFO: [VRFC 10-2263] Analyzing Verilog file "C:/Users/stleraburg/mnist_riscv/mnist_riscv.srcs/sources_1/imports/new/ReLU.v" into library xil_defaultlib
INFO: [VRFC 10-311] analyzing module ReLU
INFO: [VRFC 10-2263] Analyzing Verilog file "C:/Users/stleraburg/mnist_riscv/mnist_riscv.srcs/sources_1/imports/new/adder.v" into library xil_defaultlib
INFO: [VRFC 10-311] analyzing module adder
INFO: [VRFC 10-2263] Analyzing Verilog file "C:/Users/stleraburg/mnist_riscv/mnist_riscv.srcs/sources_1/imports/new/control_unit.v" into library xil_defaultlib
INFO: [VRFC 10-311] analyzing module control_unit
INFO: [VRFC 10-2263] Analyzing Verilog file "C:/Users/stleraburg/mnist_riscv/mnist_riscv.srcs/sources_1/imports/new/data_memory.v" into library xil_defaultlib
INFO: [VRFC 10-311] analyzing module data_memory
INFO: [VRFC 10-2263] Analyzing Verilog file "C:/Users/stleraburg/mnist_riscv/mnist_riscv.srcs/sources_1/imports/new/fcnn.v" into library xil_defaultlib
INFO: [VRFC 10-311] analyzing module fcnn
INFO: [VRFC 10-2263] Analyzing Verilog file "C:/Users/stleraburg/mnist_riscv/mnist_riscv.srcs/sources_1/imports/new/hardmax.v" into library xil_defaultlib
INFO: [VRFC 10-311] analyzing module hardmax
INFO: [VRFC 10-2263] Analyzing Verilog file "C:/Users/stleraburg/mnist_riscv/mnist_riscv.srcs/sources_1/imports/new/imm_gen.v" into library xil_defaultlib
INFO: [VRFC 10-311] analyzing module imm_gen
INFO: [VRFC 10-2263] Analyzing Verilog file "C:/Users/stleraburg/mnist_riscv/mnist_riscv.srcs/sources_1/imports/new/layer1.v" into library xil_defaultlib
INFO: [VRFC 10-311] analyzing module layer1
INFO: [VRFC 10-2263] Analyzing Verilog file "C:/Users/stleraburg/mnist_riscv/mnist_riscv.srcs/sources_1/imports/new/layer2.v" into library xil_defaultlib
INFO: [VRFC 10-311] analyzing module layer2
INFO: [VRFC 10-2263] Analyzing Verilog file "C:/Users/stleraburg/mnist_riscv/mnist_riscv.srcs/sources_1/imports/new/layer3.v" into library xil_defaultlib
INFO: [VRFC 10-311] analyzing module layer3
INFO: [VRFC 10-2263] Analyzing Verilog file "C:/Users/stleraburg/mnist_riscv/mnist_riscv.srcs/sources_1/imports/new/layer4.v" into library xil_defaultlib
INFO: [VRFC 10-311] analyzing module layer4
INFO: [VRFC 10-2263] Analyzing Verilog file "C:/Users/stleraburg/mnist_riscv/mnist_riscv.srcs/sources_1/imports/new/mux1.v" into library xil_defaultlib
INFO: [VRFC 10-311] analyzing module mux1
INFO: [VRFC 10-2263] Analyzing Verilog file "C:/Users/stleraburg/mnist_riscv/mnist_riscv.srcs/sources_1/imports/new/mux2.v" into library xil_defaultlib
INFO: [VRFC 10-311] analyzing module mux2
INFO: [VRFC 10-2263] Analyzing Verilog file "C:/Users/stleraburg/mnist_riscv/mnist_riscv.srcs/sources_1/imports/new/mux3.v" into library xil_defaultlib
INFO: [VRFC 10-311] analyzing module mux3
INFO: [VRFC 10-2263] Analyzing Verilog file "C:/Users/stleraburg/mnist_riscv/mnist_riscv.srcs/sources_1/imports/new/mux4.v" into library xil_defaultlib
INFO: [VRFC 10-311] analyzing module mux4
INFO: [VRFC 10-2263] Analyzing Verilog file "C:/Users/stleraburg/mnist_riscv/mnist_riscv.srcs/sources_1/imports/new/mux5.v" into library xil_defaultlib
INFO: [VRFC 10-311] analyzing module mux5
INFO: [VRFC 10-2263] Analyzing Verilog file "C:/Users/stleraburg/mnist_riscv/mnist_riscv.srcs/sources_1/imports/new/mux6.v" into library xil_defaultlib
INFO: [VRFC 10-311] analyzing module mux6
INFO: [VRFC 10-2263] Analyzing Verilog file "C:/Users/stleraburg/mnist_riscv/mnist_riscv.srcs/sources_1/imports/new/mux7.v" into library xil_defaultlib
INFO: [VRFC 10-311] analyzing module mux7
INFO: [VRFC 10-2263] Analyzing Verilog file "C:/Users/stleraburg/mnist_riscv/mnist_riscv.srcs/sources_1/imports/new/neuron.v" into library xil_defaultlib
INFO: [VRFC 10-311] analyzing module neuron
INFO: [VRFC 10-2263] Analyzing Verilog file "C:/Users/stleraburg/mnist_riscv/mnist_riscv.srcs/sources_1/imports/new/program_counter.v" into library xil_defaultlib
INFO: [VRFC 10-311] analyzing module program_counter
INFO: [VRFC 10-2263] Analyzing Verilog file "C:/Users/stleraburg/mnist_riscv/mnist_riscv.srcs/sources_1/imports/new/reg_file.v" into library xil_defaultlib
INFO: [VRFC 10-311] analyzing module reg_file
INFO: [VRFC 10-2263] Analyzing Verilog file "C:/Users/stleraburg/mnist_riscv/mnist_riscv.srcs/sources_1/imports/new/riscv_core.v" into library xil_defaultlib
INFO: [VRFC 10-311] analyzing module riscv_core
INFO: [VRFC 10-2263] Analyzing Verilog file "C:/Users/stleraburg/mnist_riscv/mnist_riscv.srcs/sources_1/imports/new/rocc_if.v" into library xil_defaultlib
INFO: [VRFC 10-311] analyzing module rocc_if
INFO: [VRFC 10-2263] Analyzing Verilog file "C:/Users/stleraburg/mnist_riscv/mnist_riscv.srcs/sources_1/imports/new/scratchpad_mem.v" into library xil_defaultlib
INFO: [VRFC 10-311] analyzing module scratchpad_mem
INFO: [VRFC 10-2263] Analyzing Verilog file "C:/Users/stleraburg/mnist_riscv/mnist_riscv.srcs/sources_1/imports/new/sigROM.v" into library xil_defaultlib
INFO: [VRFC 10-311] analyzing module sigROM
INFO: [VRFC 10-2263] Analyzing Verilog file "C:/Users/stleraburg/mnist_riscv/mnist_riscv.srcs/sources_1/imports/new/uart_rx.v" into library xil_defaultlib
INFO: [VRFC 10-311] analyzing module uart_rx
INFO: [VRFC 10-2263] Analyzing Verilog file "C:/Users/stleraburg/mnist_riscv/mnist_riscv.srcs/sources_1/imports/new/uart_tx.v" into library xil_defaultlib
INFO: [VRFC 10-311] analyzing module uart_tx
INFO: [VRFC 10-2263] Analyzing Verilog file "C:/Users/stleraburg/mnist_riscv/mnist_riscv.srcs/sources_1/imports/new/weight_memory.v" into library xil_defaultlib
INFO: [VRFC 10-311] analyzing module weight_memory
INFO: [VRFC 10-2263] Analyzing Verilog file "C:/Users/stleraburg/mnist_riscv/mnist_riscv.srcs/sim_1/imports/new/tb_riscv_rx.v" into library xil_defaultlib
INFO: [VRFC 10-311] analyzing module tb_riscv_rx
